<?xml version="1.0" encoding="UTF-8"?>
<!-- Generated by org.testng.reporters.JUnitXMLReporter -->
<testsuite hostname="w8vdipccon342" name="Login Tests" tests="18" failures="13" timestamp="6 Apr 2016 10:57:16 GMT" time="136.704" errors="0">
  <testcase name="customer_page_should_be_opened" time="45.049" classname="ose.OseAgentViewLookupCustomer">
    <failure type="org.openqa.selenium.NoSuchElementException" message="no such element: Unable to locate element: {&amp;quot;method&amp;quot;:&amp;quot;xpath&amp;quot;,&amp;quot;selector&amp;quot;:&amp;quot;//*[@id=&amp;quot;agent-view&amp;quot;]/div/section[2]/section/div[2]/div/div/div/div[2]/div[1]/div[1]/div/div/div[2]/dl/dd[3]&amp;quot;}
  (Session info: chrome=49.0.2623.110)
  (Driver info: chromedriver=2.20.353145 (343b531d31eeb933ec778dbcf7081628a1396067),platform=Windows NT 6.3 x86_64) (WARNING: The server did not provide any stacktrace information)
Command duration or timeout: 45.04 seconds
For documentation on this error, please visit: http://seleniumhq.org/exceptions/no_such_element.html
Build info: version: &amp;apos;2.48.2&amp;apos;, revision: &amp;apos;41bccdd10cf2c0560f637404c2d96164b67d9d67&amp;apos;, time: &amp;apos;2015-10-09 13:08:06&amp;apos;
System info: host: &amp;apos;w8vdipccon342&amp;apos;, ip: &amp;apos;172.18.3.192&amp;apos;, os.name: &amp;apos;Windows 8.1&amp;apos;, os.arch: &amp;apos;amd64&amp;apos;, os.version: &amp;apos;6.3&amp;apos;, java.version: &amp;apos;1.8.0_74&amp;apos;
Driver info: org.openqa.selenium.chrome.ChromeDriver
Capabilities [{applicationCacheEnabled=false, rotatable=false, mobileEmulationEnabled=false, chrome={userDataDir=C:\Users\MRKC\AppData\Local\Temp\scoped_dir45156_20224}, takesHeapSnapshot=true, databaseEnabled=false, handlesAlerts=true, hasTouchScreen=false, version=49.0.2623.110, platform=WIN8_1, browserConnectionEnabled=false, nativeEvents=true, acceptSslCerts=true, locationContextEnabled=true, webStorageEnabled=true, browserName=chrome, takesScreenshot=true, javascriptEnabled=true, cssSelectorsEnabled=true}]
Session ID: 414590a7d201de97e7076a95ef5b9812
*** Element info: {Using=xpath, value=//*[@id=&amp;quot;agent-view&amp;quot;]/div/section[2]/section/div[2]/div/div/div/div[2]/div[1]/div[1]/div/div/div[2]/dl/dd[3]}">
      <![CDATA[org.openqa.selenium.NoSuchElementException: no such element: Unable to locate element: {"method":"xpath","selector":"//*[@id="agent-view"]/div/section[2]/section/div[2]/div/div/div/div[2]/div[1]/div[1]/div/div/div[2]/dl/dd[3]"}
  (Session info: chrome=49.0.2623.110)
  (Driver info: chromedriver=2.20.353145 (343b531d31eeb933ec778dbcf7081628a1396067),platform=Windows NT 6.3 x86_64) (WARNING: The server did not provide any stacktrace information)
Command duration or timeout: 45.04 seconds
For documentation on this error, please visit: http://seleniumhq.org/exceptions/no_such_element.html
Build info: version: '2.48.2', revision: '41bccdd10cf2c0560f637404c2d96164b67d9d67', time: '2015-10-09 13:08:06'
System info: host: 'w8vdipccon342', ip: '172.18.3.192', os.name: 'Windows 8.1', os.arch: 'amd64', os.version: '6.3', java.version: '1.8.0_74'
Driver info: org.openqa.selenium.chrome.ChromeDriver
Capabilities [{applicationCacheEnabled=false, rotatable=false, mobileEmulationEnabled=false, chrome={userDataDir=C:\Users\MRKC\AppData\Local\Temp\scoped_dir45156_20224}, takesHeapSnapshot=true, databaseEnabled=false, handlesAlerts=true, hasTouchScreen=false, version=49.0.2623.110, platform=WIN8_1, browserConnectionEnabled=false, nativeEvents=true, acceptSslCerts=true, locationContextEnabled=true, webStorageEnabled=true, browserName=chrome, takesScreenshot=true, javascriptEnabled=true, cssSelectorsEnabled=true}]
Session ID: 414590a7d201de97e7076a95ef5b9812
*** Element info: {Using=xpath, value=//*[@id="agent-view"]/div/section[2]/section/div[2]/div/div/div/div[2]/div[1]/div[1]/div/div/div[2]/dl/dd[3]}
	at org.openqa.selenium.remote.ErrorHandler.createThrowable(ErrorHandler.java:206)
	at org.openqa.selenium.remote.ErrorHandler.throwIfResponseFailed(ErrorHandler.java:158)
	at org.openqa.selenium.remote.RemoteWebDriver.execute(RemoteWebDriver.java:647)
	at org.openqa.selenium.remote.RemoteWebDriver.findElement(RemoteWebDriver.java:353)
	at org.openqa.selenium.remote.RemoteWebDriver.findElementByXPath(RemoteWebDriver.java:490)
	at org.openqa.selenium.By$ByXPath.findElement(By.java:361)
	at org.openqa.selenium.remote.RemoteWebDriver.findElement(RemoteWebDriver.java:345)
	at org.openqa.selenium.support.pagefactory.DefaultElementLocator.findElement(DefaultElementLocator.java:69)
	at org.openqa.selenium.support.pagefactory.internal.LocatingElementHandler.invoke(LocatingElementHandler.java:38)
	at com.sun.proxy.$Proxy7.getText(Unknown Source)
	at pageObjects.oseagentview.OseAgentViewCustomerPageObject.hasCustomerName(OseAgentViewCustomerPageObject.java:36)
	at ose.OseAgentViewLookupCustomer.customer_page_should_be_opened(OseAgentViewLookupCustomer.java:30)
... Removed 31 stack frames]]>
    </failure>
  </testcase> <!-- customer_page_should_be_opened -->
  <testcase name="customers_my_telenor_selfservice_profile_page_should_open" time="45.084" classname="ose.OseAgentViewLookupCustomer">
    <failure type="org.openqa.selenium.NoSuchElementException" message="no such element: Unable to locate element: {&amp;quot;method&amp;quot;:&amp;quot;xpath&amp;quot;,&amp;quot;selector&amp;quot;:&amp;quot;//*[@id=&amp;quot;agent-view&amp;quot;]/div/section[2]/section/div[1]/iframe[2]&amp;quot;}
  (Session info: chrome=49.0.2623.110)
  (Driver info: chromedriver=2.20.353145 (343b531d31eeb933ec778dbcf7081628a1396067),platform=Windows NT 6.3 x86_64) (WARNING: The server did not provide any stacktrace information)
Command duration or timeout: 45.05 seconds
For documentation on this error, please visit: http://seleniumhq.org/exceptions/no_such_element.html
Build info: version: &amp;apos;2.48.2&amp;apos;, revision: &amp;apos;41bccdd10cf2c0560f637404c2d96164b67d9d67&amp;apos;, time: &amp;apos;2015-10-09 13:08:06&amp;apos;
System info: host: &amp;apos;w8vdipccon342&amp;apos;, ip: &amp;apos;172.18.3.192&amp;apos;, os.name: &amp;apos;Windows 8.1&amp;apos;, os.arch: &amp;apos;amd64&amp;apos;, os.version: &amp;apos;6.3&amp;apos;, java.version: &amp;apos;1.8.0_74&amp;apos;
Driver info: org.openqa.selenium.chrome.ChromeDriver
Capabilities [{applicationCacheEnabled=false, rotatable=false, mobileEmulationEnabled=false, chrome={userDataDir=C:\Users\MRKC\AppData\Local\Temp\scoped_dir45156_20224}, takesHeapSnapshot=true, databaseEnabled=false, handlesAlerts=true, hasTouchScreen=false, version=49.0.2623.110, platform=WIN8_1, browserConnectionEnabled=false, nativeEvents=true, acceptSslCerts=true, locationContextEnabled=true, webStorageEnabled=true, browserName=chrome, takesScreenshot=true, javascriptEnabled=true, cssSelectorsEnabled=true}]
Session ID: 414590a7d201de97e7076a95ef5b9812
*** Element info: {Using=xpath, value=//*[@id=&amp;quot;agent-view&amp;quot;]/div/section[2]/section/div[1]/iframe[2]}">
      <![CDATA[org.openqa.selenium.NoSuchElementException: no such element: Unable to locate element: {"method":"xpath","selector":"//*[@id="agent-view"]/div/section[2]/section/div[1]/iframe[2]"}
  (Session info: chrome=49.0.2623.110)
  (Driver info: chromedriver=2.20.353145 (343b531d31eeb933ec778dbcf7081628a1396067),platform=Windows NT 6.3 x86_64) (WARNING: The server did not provide any stacktrace information)
Command duration or timeout: 45.05 seconds
For documentation on this error, please visit: http://seleniumhq.org/exceptions/no_such_element.html
Build info: version: '2.48.2', revision: '41bccdd10cf2c0560f637404c2d96164b67d9d67', time: '2015-10-09 13:08:06'
System info: host: 'w8vdipccon342', ip: '172.18.3.192', os.name: 'Windows 8.1', os.arch: 'amd64', os.version: '6.3', java.version: '1.8.0_74'
Driver info: org.openqa.selenium.chrome.ChromeDriver
Capabilities [{applicationCacheEnabled=false, rotatable=false, mobileEmulationEnabled=false, chrome={userDataDir=C:\Users\MRKC\AppData\Local\Temp\scoped_dir45156_20224}, takesHeapSnapshot=true, databaseEnabled=false, handlesAlerts=true, hasTouchScreen=false, version=49.0.2623.110, platform=WIN8_1, browserConnectionEnabled=false, nativeEvents=true, acceptSslCerts=true, locationContextEnabled=true, webStorageEnabled=true, browserName=chrome, takesScreenshot=true, javascriptEnabled=true, cssSelectorsEnabled=true}]
Session ID: 414590a7d201de97e7076a95ef5b9812
*** Element info: {Using=xpath, value=//*[@id="agent-view"]/div/section[2]/section/div[1]/iframe[2]}
	at org.openqa.selenium.remote.ErrorHandler.createThrowable(ErrorHandler.java:206)
	at org.openqa.selenium.remote.ErrorHandler.throwIfResponseFailed(ErrorHandler.java:158)
	at org.openqa.selenium.remote.RemoteWebDriver.execute(RemoteWebDriver.java:647)
	at org.openqa.selenium.remote.RemoteWebDriver.findElement(RemoteWebDriver.java:353)
	at org.openqa.selenium.remote.RemoteWebDriver.findElementByXPath(RemoteWebDriver.java:490)
	at org.openqa.selenium.By$ByXPath.findElement(By.java:361)
	at org.openqa.selenium.remote.RemoteWebDriver.findElement(RemoteWebDriver.java:345)
	at pageObjects.mytelenor.OseMyTelenorSubscriptionPageObject.checkProfilePageCustomerData(OseMyTelenorSubscriptionPageObject.java:48)
	at ose.OseAgentViewLookupCustomer.customers_my_telenor_selfservice_profile_page_should_open(OseAgentViewLookupCustomer.java:46)
... Removed 31 stack frames]]>
    </failure>
  </testcase> <!-- customers_my_telenor_selfservice_profile_page_should_open -->
  <testcase name="customers_my_telenor_selfservice_subscription_page_should_open" time="46.099" classname="ose.OseAgentViewLookupCustomer">
    <failure type="java.lang.NullPointerException" message="null value in entry: id=null">
      <![CDATA[java.lang.NullPointerException: null value in entry: id=null
	at com.google.common.collect.CollectPreconditions.checkEntryNotNull(CollectPreconditions.java:33)
	at com.google.common.collect.SingletonImmutableBiMap.<init>(SingletonImmutableBiMap.java:39)
	at com.google.common.collect.ImmutableBiMap.of(ImmutableBiMap.java:57)
	at com.google.common.collect.ImmutableMap.of(ImmutableMap.java:80)
	at org.openqa.selenium.remote.RemoteWebDriver$RemoteTargetLocator.frame(RemoteWebDriver.java:962)
	at pageObjects.mytelenor.OseMyTelenorSubscriptionPageObject.checkSubscriptionUser(OseMyTelenorSubscriptionPageObject.java:65)
	at ose.OseAgentViewLookupCustomer.customers_my_telenor_selfservice_subscription_page_should_open(OseAgentViewLookupCustomer.java:38)
... Removed 27 stack frames]]>
    </failure>
  </testcase> <!-- customers_my_telenor_selfservice_subscription_page_should_open -->
  <testcase name="search_panel_is_displayed" time="0.06" classname="ose.OseAgentViewLookupCustomer">
    <failure type="org.openqa.selenium.NoSuchWindowException" message="no such window: target window already closed
from unknown error: web view not found
  (Session info: chrome=49.0.2623.110)
  (Driver info: chromedriver=2.20.353145 (343b531d31eeb933ec778dbcf7081628a1396067),platform=Windows NT 6.3 x86_64) (WARNING: The server did not provide any stacktrace information)
Command duration or timeout: 60 milliseconds
Build info: version: &amp;apos;2.48.2&amp;apos;, revision: &amp;apos;41bccdd10cf2c0560f637404c2d96164b67d9d67&amp;apos;, time: &amp;apos;2015-10-09 13:08:06&amp;apos;
System info: host: &amp;apos;w8vdipccon342&amp;apos;, ip: &amp;apos;172.18.3.192&amp;apos;, os.name: &amp;apos;Windows 8.1&amp;apos;, os.arch: &amp;apos;amd64&amp;apos;, os.version: &amp;apos;6.3&amp;apos;, java.version: &amp;apos;1.8.0_74&amp;apos;
Driver info: org.openqa.selenium.chrome.ChromeDriver
Capabilities [{applicationCacheEnabled=false, rotatable=false, mobileEmulationEnabled=false, chrome={userDataDir=C:\Users\MRKC\AppData\Local\Temp\scoped_dir45156_20224}, takesHeapSnapshot=true, databaseEnabled=false, handlesAlerts=true, hasTouchScreen=false, version=49.0.2623.110, platform=WIN8_1, browserConnectionEnabled=false, nativeEvents=true, acceptSslCerts=true, locationContextEnabled=true, webStorageEnabled=true, browserName=chrome, takesScreenshot=true, javascriptEnabled=true, cssSelectorsEnabled=true}]
Session ID: 414590a7d201de97e7076a95ef5b9812
*** Element info: {Using=xpath, value=//*[@id=&amp;quot;agent-view&amp;quot;]/div/section[2]/section/div[2]/div/div/div/div[2]/div[1]/form/div[2]/div[5]/div/button}">
      <![CDATA[org.openqa.selenium.NoSuchWindowException: no such window: target window already closed
from unknown error: web view not found
  (Session info: chrome=49.0.2623.110)
  (Driver info: chromedriver=2.20.353145 (343b531d31eeb933ec778dbcf7081628a1396067),platform=Windows NT 6.3 x86_64) (WARNING: The server did not provide any stacktrace information)
Command duration or timeout: 60 milliseconds
Build info: version: '2.48.2', revision: '41bccdd10cf2c0560f637404c2d96164b67d9d67', time: '2015-10-09 13:08:06'
System info: host: 'w8vdipccon342', ip: '172.18.3.192', os.name: 'Windows 8.1', os.arch: 'amd64', os.version: '6.3', java.version: '1.8.0_74'
Driver info: org.openqa.selenium.chrome.ChromeDriver
Capabilities [{applicationCacheEnabled=false, rotatable=false, mobileEmulationEnabled=false, chrome={userDataDir=C:\Users\MRKC\AppData\Local\Temp\scoped_dir45156_20224}, takesHeapSnapshot=true, databaseEnabled=false, handlesAlerts=true, hasTouchScreen=false, version=49.0.2623.110, platform=WIN8_1, browserConnectionEnabled=false, nativeEvents=true, acceptSslCerts=true, locationContextEnabled=true, webStorageEnabled=true, browserName=chrome, takesScreenshot=true, javascriptEnabled=true, cssSelectorsEnabled=true}]
Session ID: 414590a7d201de97e7076a95ef5b9812
*** Element info: {Using=xpath, value=//*[@id="agent-view"]/div/section[2]/section/div[2]/div/div/div/div[2]/div[1]/form/div[2]/div[5]/div/button}
	at org.openqa.selenium.remote.ErrorHandler.createThrowable(ErrorHandler.java:206)
	at org.openqa.selenium.remote.ErrorHandler.throwIfResponseFailed(ErrorHandler.java:158)
	at org.openqa.selenium.remote.RemoteWebDriver.execute(RemoteWebDriver.java:647)
	at org.openqa.selenium.remote.RemoteWebDriver.findElements(RemoteWebDriver.java:378)
	at org.openqa.selenium.remote.RemoteWebDriver.findElementsByXPath(RemoteWebDriver.java:494)
	at org.openqa.selenium.By$ByXPath.findElements(By.java:356)
	at org.openqa.selenium.remote.RemoteWebDriver.findElements(RemoteWebDriver.java:341)
	at pageObjects.oseagentview.OseAgentViewPageObject.hasSearchPanel(OseAgentViewPageObject.java:76)
	at ose.OseAgentViewLookupCustomer.search_panel_is_displayed(OseAgentViewLookupCustomer.java:22)
... Removed 31 stack frames]]>
    </failure>
  </testcase> <!-- search_panel_is_displayed -->
  <testcase name="user_clicks_imperosnate" time="0.027" classname="ose.OseAgentViewLookupCustomer">
    <failure type="org.openqa.selenium.NoSuchWindowException" message="no such window: target window already closed
from unknown error: web view not found
  (Session info: chrome=49.0.2623.110)
  (Driver info: chromedriver=2.20.353145 (343b531d31eeb933ec778dbcf7081628a1396067),platform=Windows NT 6.3 x86_64) (WARNING: The server did not provide any stacktrace information)
Command duration or timeout: 26 milliseconds
Build info: version: &amp;apos;2.48.2&amp;apos;, revision: &amp;apos;41bccdd10cf2c0560f637404c2d96164b67d9d67&amp;apos;, time: &amp;apos;2015-10-09 13:08:06&amp;apos;
System info: host: &amp;apos;w8vdipccon342&amp;apos;, ip: &amp;apos;172.18.3.192&amp;apos;, os.name: &amp;apos;Windows 8.1&amp;apos;, os.arch: &amp;apos;amd64&amp;apos;, os.version: &amp;apos;6.3&amp;apos;, java.version: &amp;apos;1.8.0_74&amp;apos;
Driver info: org.openqa.selenium.chrome.ChromeDriver
Capabilities [{applicationCacheEnabled=false, rotatable=false, mobileEmulationEnabled=false, chrome={userDataDir=C:\Users\MRKC\AppData\Local\Temp\scoped_dir45156_20224}, takesHeapSnapshot=true, databaseEnabled=false, handlesAlerts=true, hasTouchScreen=false, version=49.0.2623.110, platform=WIN8_1, browserConnectionEnabled=false, nativeEvents=true, acceptSslCerts=true, locationContextEnabled=true, webStorageEnabled=true, browserName=chrome, takesScreenshot=true, javascriptEnabled=true, cssSelectorsEnabled=true}]
Session ID: 414590a7d201de97e7076a95ef5b9812
*** Element info: {Using=xpath, value=//*[@id=&amp;quot;agent-view&amp;quot;]/div/section[2]/section/div[2]/div/div/div/div[2]/div[3]/div/div[1]/div[1]/div/span}">
      <![CDATA[org.openqa.selenium.NoSuchWindowException: no such window: target window already closed
from unknown error: web view not found
  (Session info: chrome=49.0.2623.110)
  (Driver info: chromedriver=2.20.353145 (343b531d31eeb933ec778dbcf7081628a1396067),platform=Windows NT 6.3 x86_64) (WARNING: The server did not provide any stacktrace information)
Command duration or timeout: 26 milliseconds
Build info: version: '2.48.2', revision: '41bccdd10cf2c0560f637404c2d96164b67d9d67', time: '2015-10-09 13:08:06'
System info: host: 'w8vdipccon342', ip: '172.18.3.192', os.name: 'Windows 8.1', os.arch: 'amd64', os.version: '6.3', java.version: '1.8.0_74'
Driver info: org.openqa.selenium.chrome.ChromeDriver
Capabilities [{applicationCacheEnabled=false, rotatable=false, mobileEmulationEnabled=false, chrome={userDataDir=C:\Users\MRKC\AppData\Local\Temp\scoped_dir45156_20224}, takesHeapSnapshot=true, databaseEnabled=false, handlesAlerts=true, hasTouchScreen=false, version=49.0.2623.110, platform=WIN8_1, browserConnectionEnabled=false, nativeEvents=true, acceptSslCerts=true, locationContextEnabled=true, webStorageEnabled=true, browserName=chrome, takesScreenshot=true, javascriptEnabled=true, cssSelectorsEnabled=true}]
Session ID: 414590a7d201de97e7076a95ef5b9812
*** Element info: {Using=xpath, value=//*[@id="agent-view"]/div/section[2]/section/div[2]/div/div/div/div[2]/div[3]/div/div[1]/div[1]/div/span}
	at org.openqa.selenium.remote.ErrorHandler.createThrowable(ErrorHandler.java:206)
	at org.openqa.selenium.remote.ErrorHandler.throwIfResponseFailed(ErrorHandler.java:158)
	at org.openqa.selenium.remote.RemoteWebDriver.execute(RemoteWebDriver.java:647)
	at org.openqa.selenium.remote.RemoteWebDriver.findElement(RemoteWebDriver.java:353)
	at org.openqa.selenium.remote.RemoteWebDriver.findElementByXPath(RemoteWebDriver.java:490)
	at org.openqa.selenium.By$ByXPath.findElement(By.java:361)
	at org.openqa.selenium.remote.RemoteWebDriver.findElement(RemoteWebDriver.java:345)
	at org.openqa.selenium.support.pagefactory.DefaultElementLocator.findElement(DefaultElementLocator.java:69)
	at org.openqa.selenium.support.pagefactory.internal.LocatingElementHandler.invoke(LocatingElementHandler.java:38)
	at com.sun.proxy.$Proxy7.click(Unknown Source)
	at pageObjects.oseagentview.OseAgentViewCustomerPageObject.impersonateCustomer(OseAgentViewCustomerPageObject.java:40)
	at ose.OseAgentViewLookupCustomer.user_clicks_imperosnate(OseAgentViewLookupCustomer.java:34)
... Removed 31 stack frames]]>
    </failure>
  </testcase> <!-- user_clicks_imperosnate -->
  <testcase name="user_clicks_on_Seach_Icon" time="0.028" classname="ose.OseAgentViewLookupCustomer">
    <failure type="org.openqa.selenium.NoSuchWindowException" message="no such window: target window already closed
from unknown error: web view not found
  (Session info: chrome=49.0.2623.110)
  (Driver info: chromedriver=2.20.353145 (343b531d31eeb933ec778dbcf7081628a1396067),platform=Windows NT 6.3 x86_64) (WARNING: The server did not provide any stacktrace information)
Command duration or timeout: 27 milliseconds
Build info: version: &amp;apos;2.48.2&amp;apos;, revision: &amp;apos;41bccdd10cf2c0560f637404c2d96164b67d9d67&amp;apos;, time: &amp;apos;2015-10-09 13:08:06&amp;apos;
System info: host: &amp;apos;w8vdipccon342&amp;apos;, ip: &amp;apos;172.18.3.192&amp;apos;, os.name: &amp;apos;Windows 8.1&amp;apos;, os.arch: &amp;apos;amd64&amp;apos;, os.version: &amp;apos;6.3&amp;apos;, java.version: &amp;apos;1.8.0_74&amp;apos;
Driver info: org.openqa.selenium.chrome.ChromeDriver
Capabilities [{applicationCacheEnabled=false, rotatable=false, mobileEmulationEnabled=false, chrome={userDataDir=C:\Users\MRKC\AppData\Local\Temp\scoped_dir45156_20224}, takesHeapSnapshot=true, databaseEnabled=false, handlesAlerts=true, hasTouchScreen=false, version=49.0.2623.110, platform=WIN8_1, browserConnectionEnabled=false, nativeEvents=true, acceptSslCerts=true, locationContextEnabled=true, webStorageEnabled=true, browserName=chrome, takesScreenshot=true, javascriptEnabled=true, cssSelectorsEnabled=true}]
Session ID: 414590a7d201de97e7076a95ef5b9812
*** Element info: {Using=xpath, value=//*[@id=&amp;quot;agent-view&amp;quot;]/div/section[2]/aside/ul[1]/li[2]/a/span}">
      <![CDATA[org.openqa.selenium.NoSuchWindowException: no such window: target window already closed
from unknown error: web view not found
  (Session info: chrome=49.0.2623.110)
  (Driver info: chromedriver=2.20.353145 (343b531d31eeb933ec778dbcf7081628a1396067),platform=Windows NT 6.3 x86_64) (WARNING: The server did not provide any stacktrace information)
Command duration or timeout: 27 milliseconds
Build info: version: '2.48.2', revision: '41bccdd10cf2c0560f637404c2d96164b67d9d67', time: '2015-10-09 13:08:06'
System info: host: 'w8vdipccon342', ip: '172.18.3.192', os.name: 'Windows 8.1', os.arch: 'amd64', os.version: '6.3', java.version: '1.8.0_74'
Driver info: org.openqa.selenium.chrome.ChromeDriver
Capabilities [{applicationCacheEnabled=false, rotatable=false, mobileEmulationEnabled=false, chrome={userDataDir=C:\Users\MRKC\AppData\Local\Temp\scoped_dir45156_20224}, takesHeapSnapshot=true, databaseEnabled=false, handlesAlerts=true, hasTouchScreen=false, version=49.0.2623.110, platform=WIN8_1, browserConnectionEnabled=false, nativeEvents=true, acceptSslCerts=true, locationContextEnabled=true, webStorageEnabled=true, browserName=chrome, takesScreenshot=true, javascriptEnabled=true, cssSelectorsEnabled=true}]
Session ID: 414590a7d201de97e7076a95ef5b9812
*** Element info: {Using=xpath, value=//*[@id="agent-view"]/div/section[2]/aside/ul[1]/li[2]/a/span}
	at org.openqa.selenium.remote.ErrorHandler.createThrowable(ErrorHandler.java:206)
	at org.openqa.selenium.remote.ErrorHandler.throwIfResponseFailed(ErrorHandler.java:158)
	at org.openqa.selenium.remote.RemoteWebDriver.execute(RemoteWebDriver.java:647)
	at org.openqa.selenium.remote.RemoteWebDriver.findElement(RemoteWebDriver.java:353)
	at org.openqa.selenium.remote.RemoteWebDriver.findElementByXPath(RemoteWebDriver.java:490)
	at org.openqa.selenium.By$ByXPath.findElement(By.java:361)
	at org.openqa.selenium.remote.RemoteWebDriver.findElement(RemoteWebDriver.java:345)
	at org.openqa.selenium.support.pagefactory.DefaultElementLocator.findElement(DefaultElementLocator.java:69)
	at org.openqa.selenium.support.pagefactory.internal.LocatingElementHandler.invoke(LocatingElementHandler.java:38)
	at com.sun.proxy.$Proxy7.click(Unknown Source)
	at pageObjects.oseagentview.OseAgentViewPageObject.openSearchBox(OseAgentViewPageObject.java:68)
	at ose.OseAgentViewLookupCustomer.user_clicks_on_Seach_Icon(OseAgentViewLookupCustomer.java:18)
... Removed 31 stack frames]]>
    </failure>
  </testcase> <!-- user_clicks_on_Seach_Icon -->
  <testcase name="user_clicks_profile_page_my_telenor_selfservice" time="0.013" classname="ose.OseAgentViewLookupCustomer">
    <failure type="org.openqa.selenium.NoSuchWindowException" message="no such window: target window already closed
from unknown error: web view not found
  (Session info: chrome=49.0.2623.110)
  (Driver info: chromedriver=2.20.353145 (343b531d31eeb933ec778dbcf7081628a1396067),platform=Windows NT 6.3 x86_64) (WARNING: The server did not provide any stacktrace information)
Command duration or timeout: 12 milliseconds
Build info: version: &amp;apos;2.48.2&amp;apos;, revision: &amp;apos;41bccdd10cf2c0560f637404c2d96164b67d9d67&amp;apos;, time: &amp;apos;2015-10-09 13:08:06&amp;apos;
System info: host: &amp;apos;w8vdipccon342&amp;apos;, ip: &amp;apos;172.18.3.192&amp;apos;, os.name: &amp;apos;Windows 8.1&amp;apos;, os.arch: &amp;apos;amd64&amp;apos;, os.version: &amp;apos;6.3&amp;apos;, java.version: &amp;apos;1.8.0_74&amp;apos;
Driver info: org.openqa.selenium.chrome.ChromeDriver
Capabilities [{applicationCacheEnabled=false, rotatable=false, mobileEmulationEnabled=false, chrome={userDataDir=C:\Users\MRKC\AppData\Local\Temp\scoped_dir45156_20224}, takesHeapSnapshot=true, databaseEnabled=false, handlesAlerts=true, hasTouchScreen=false, version=49.0.2623.110, platform=WIN8_1, browserConnectionEnabled=false, nativeEvents=true, acceptSslCerts=true, locationContextEnabled=true, webStorageEnabled=true, browserName=chrome, takesScreenshot=true, javascriptEnabled=true, cssSelectorsEnabled=true}]
Session ID: 414590a7d201de97e7076a95ef5b9812
*** Element info: {Using=xpath, value=//*[@id=&amp;quot;menu--subnav&amp;quot;]/div/div[2]/ul/li[5]/a}">
      <![CDATA[org.openqa.selenium.NoSuchWindowException: no such window: target window already closed
from unknown error: web view not found
  (Session info: chrome=49.0.2623.110)
  (Driver info: chromedriver=2.20.353145 (343b531d31eeb933ec778dbcf7081628a1396067),platform=Windows NT 6.3 x86_64) (WARNING: The server did not provide any stacktrace information)
Command duration or timeout: 12 milliseconds
Build info: version: '2.48.2', revision: '41bccdd10cf2c0560f637404c2d96164b67d9d67', time: '2015-10-09 13:08:06'
System info: host: 'w8vdipccon342', ip: '172.18.3.192', os.name: 'Windows 8.1', os.arch: 'amd64', os.version: '6.3', java.version: '1.8.0_74'
Driver info: org.openqa.selenium.chrome.ChromeDriver
Capabilities [{applicationCacheEnabled=false, rotatable=false, mobileEmulationEnabled=false, chrome={userDataDir=C:\Users\MRKC\AppData\Local\Temp\scoped_dir45156_20224}, takesHeapSnapshot=true, databaseEnabled=false, handlesAlerts=true, hasTouchScreen=false, version=49.0.2623.110, platform=WIN8_1, browserConnectionEnabled=false, nativeEvents=true, acceptSslCerts=true, locationContextEnabled=true, webStorageEnabled=true, browserName=chrome, takesScreenshot=true, javascriptEnabled=true, cssSelectorsEnabled=true}]
Session ID: 414590a7d201de97e7076a95ef5b9812
*** Element info: {Using=xpath, value=//*[@id="menu--subnav"]/div/div[2]/ul/li[5]/a}
	at org.openqa.selenium.remote.ErrorHandler.createThrowable(ErrorHandler.java:206)
	at org.openqa.selenium.remote.ErrorHandler.throwIfResponseFailed(ErrorHandler.java:158)
	at org.openqa.selenium.remote.RemoteWebDriver.execute(RemoteWebDriver.java:647)
	at org.openqa.selenium.remote.RemoteWebDriver.findElement(RemoteWebDriver.java:353)
	at org.openqa.selenium.remote.RemoteWebDriver.findElementByXPath(RemoteWebDriver.java:490)
	at org.openqa.selenium.By$ByXPath.findElement(By.java:361)
	at org.openqa.selenium.remote.RemoteWebDriver.findElement(RemoteWebDriver.java:345)
	at org.openqa.selenium.support.pagefactory.DefaultElementLocator.findElement(DefaultElementLocator.java:69)
	at org.openqa.selenium.support.pagefactory.internal.LocatingElementHandler.invoke(LocatingElementHandler.java:38)
	at com.sun.proxy.$Proxy7.click(Unknown Source)
	at pageObjects.mytelenor.OseMyTelenorSubscriptionPageObject.goToProfilePage(OseMyTelenorSubscriptionPageObject.java:43)
	at ose.OseAgentViewLookupCustomer.user_clicks_profile_page_my_telenor_selfservice(OseAgentViewLookupCustomer.java:42)
... Removed 31 stack frames]]>
    </failure>
  </testcase> <!-- user_clicks_profile_page_my_telenor_selfservice -->
  <testcase name="user_inputs_service_number_and_press_search_button" time="0.032" classname="ose.OseAgentViewLookupCustomer">
    <failure type="org.openqa.selenium.NoSuchWindowException" message="no such window: target window already closed
from unknown error: web view not found
  (Session info: chrome=49.0.2623.110)
  (Driver info: chromedriver=2.20.353145 (343b531d31eeb933ec778dbcf7081628a1396067),platform=Windows NT 6.3 x86_64) (WARNING: The server did not provide any stacktrace information)
Command duration or timeout: 32 milliseconds
Build info: version: &amp;apos;2.48.2&amp;apos;, revision: &amp;apos;41bccdd10cf2c0560f637404c2d96164b67d9d67&amp;apos;, time: &amp;apos;2015-10-09 13:08:06&amp;apos;
System info: host: &amp;apos;w8vdipccon342&amp;apos;, ip: &amp;apos;172.18.3.192&amp;apos;, os.name: &amp;apos;Windows 8.1&amp;apos;, os.arch: &amp;apos;amd64&amp;apos;, os.version: &amp;apos;6.3&amp;apos;, java.version: &amp;apos;1.8.0_74&amp;apos;
Driver info: org.openqa.selenium.chrome.ChromeDriver
Capabilities [{applicationCacheEnabled=false, rotatable=false, mobileEmulationEnabled=false, chrome={userDataDir=C:\Users\MRKC\AppData\Local\Temp\scoped_dir45156_20224}, takesHeapSnapshot=true, databaseEnabled=false, handlesAlerts=true, hasTouchScreen=false, version=49.0.2623.110, platform=WIN8_1, browserConnectionEnabled=false, nativeEvents=true, acceptSslCerts=true, locationContextEnabled=true, webStorageEnabled=true, browserName=chrome, takesScreenshot=true, javascriptEnabled=true, cssSelectorsEnabled=true}]
Session ID: 414590a7d201de97e7076a95ef5b9812
*** Element info: {Using=xpath, value=//*[@id=&amp;quot;agent-view&amp;quot;]/div/section[2]/section/div[2]/div/div/div/div[2]/div[1]/form/div[2]/div[2]/div/input}">
      <![CDATA[org.openqa.selenium.NoSuchWindowException: no such window: target window already closed
from unknown error: web view not found
  (Session info: chrome=49.0.2623.110)
  (Driver info: chromedriver=2.20.353145 (343b531d31eeb933ec778dbcf7081628a1396067),platform=Windows NT 6.3 x86_64) (WARNING: The server did not provide any stacktrace information)
Command duration or timeout: 32 milliseconds
Build info: version: '2.48.2', revision: '41bccdd10cf2c0560f637404c2d96164b67d9d67', time: '2015-10-09 13:08:06'
System info: host: 'w8vdipccon342', ip: '172.18.3.192', os.name: 'Windows 8.1', os.arch: 'amd64', os.version: '6.3', java.version: '1.8.0_74'
Driver info: org.openqa.selenium.chrome.ChromeDriver
Capabilities [{applicationCacheEnabled=false, rotatable=false, mobileEmulationEnabled=false, chrome={userDataDir=C:\Users\MRKC\AppData\Local\Temp\scoped_dir45156_20224}, takesHeapSnapshot=true, databaseEnabled=false, handlesAlerts=true, hasTouchScreen=false, version=49.0.2623.110, platform=WIN8_1, browserConnectionEnabled=false, nativeEvents=true, acceptSslCerts=true, locationContextEnabled=true, webStorageEnabled=true, browserName=chrome, takesScreenshot=true, javascriptEnabled=true, cssSelectorsEnabled=true}]
Session ID: 414590a7d201de97e7076a95ef5b9812
*** Element info: {Using=xpath, value=//*[@id="agent-view"]/div/section[2]/section/div[2]/div/div/div/div[2]/div[1]/form/div[2]/div[2]/div/input}
	at org.openqa.selenium.remote.ErrorHandler.createThrowable(ErrorHandler.java:206)
	at org.openqa.selenium.remote.ErrorHandler.throwIfResponseFailed(ErrorHandler.java:158)
	at org.openqa.selenium.remote.RemoteWebDriver.execute(RemoteWebDriver.java:647)
	at org.openqa.selenium.remote.RemoteWebDriver.findElement(RemoteWebDriver.java:353)
	at org.openqa.selenium.remote.RemoteWebDriver.findElementByXPath(RemoteWebDriver.java:490)
	at org.openqa.selenium.By$ByXPath.findElement(By.java:361)
	at org.openqa.selenium.remote.RemoteWebDriver.findElement(RemoteWebDriver.java:345)
	at org.openqa.selenium.support.pagefactory.DefaultElementLocator.findElement(DefaultElementLocator.java:69)
	at org.openqa.selenium.support.pagefactory.internal.LocatingElementHandler.invoke(LocatingElementHandler.java:38)
	at com.sun.proxy.$Proxy7.sendKeys(Unknown Source)
	at pageObjects.oseagentview.OseAgentViewPageObject.selectSearchTypeAndSearch(OseAgentViewPageObject.java:71)
	at ose.OseAgentViewLookupCustomer.user_inputs_service_number_and_press_search_button(OseAgentViewLookupCustomer.java:26)
... Removed 31 stack frames]]>
    </failure>
  </testcase> <!-- user_inputs_service_number_and_press_search_button -->
  <testcase name="user_is_on_OSE_Agent_View_Home_Page" time="0.072" classname="ose.OseAgentViewLookupCustomer">
    <failure type="org.openqa.selenium.NoSuchWindowException" message="no such window: target window already closed
from unknown error: web view not found
  (Session info: chrome=49.0.2623.110)
  (Driver info: chromedriver=2.20.353145 (343b531d31eeb933ec778dbcf7081628a1396067),platform=Windows NT 6.3 x86_64) (WARNING: The server did not provide any stacktrace information)
Command duration or timeout: 71 milliseconds
Build info: version: &amp;apos;2.48.2&amp;apos;, revision: &amp;apos;41bccdd10cf2c0560f637404c2d96164b67d9d67&amp;apos;, time: &amp;apos;2015-10-09 13:08:06&amp;apos;
System info: host: &amp;apos;w8vdipccon342&amp;apos;, ip: &amp;apos;172.18.3.192&amp;apos;, os.name: &amp;apos;Windows 8.1&amp;apos;, os.arch: &amp;apos;amd64&amp;apos;, os.version: &amp;apos;6.3&amp;apos;, java.version: &amp;apos;1.8.0_74&amp;apos;
Driver info: org.openqa.selenium.chrome.ChromeDriver
Capabilities [{applicationCacheEnabled=false, rotatable=false, mobileEmulationEnabled=false, chrome={userDataDir=C:\Users\MRKC\AppData\Local\Temp\scoped_dir45156_20224}, takesHeapSnapshot=true, databaseEnabled=false, handlesAlerts=true, hasTouchScreen=false, version=49.0.2623.110, platform=WIN8_1, browserConnectionEnabled=false, nativeEvents=true, acceptSslCerts=true, locationContextEnabled=true, webStorageEnabled=true, browserName=chrome, takesScreenshot=true, javascriptEnabled=true, cssSelectorsEnabled=true}]
Session ID: 414590a7d201de97e7076a95ef5b9812">
      <![CDATA[org.openqa.selenium.NoSuchWindowException: no such window: target window already closed
from unknown error: web view not found
  (Session info: chrome=49.0.2623.110)
  (Driver info: chromedriver=2.20.353145 (343b531d31eeb933ec778dbcf7081628a1396067),platform=Windows NT 6.3 x86_64) (WARNING: The server did not provide any stacktrace information)
Command duration or timeout: 71 milliseconds
Build info: version: '2.48.2', revision: '41bccdd10cf2c0560f637404c2d96164b67d9d67', time: '2015-10-09 13:08:06'
System info: host: 'w8vdipccon342', ip: '172.18.3.192', os.name: 'Windows 8.1', os.arch: 'amd64', os.version: '6.3', java.version: '1.8.0_74'
Driver info: org.openqa.selenium.chrome.ChromeDriver
Capabilities [{applicationCacheEnabled=false, rotatable=false, mobileEmulationEnabled=false, chrome={userDataDir=C:\Users\MRKC\AppData\Local\Temp\scoped_dir45156_20224}, takesHeapSnapshot=true, databaseEnabled=false, handlesAlerts=true, hasTouchScreen=false, version=49.0.2623.110, platform=WIN8_1, browserConnectionEnabled=false, nativeEvents=true, acceptSslCerts=true, locationContextEnabled=true, webStorageEnabled=true, browserName=chrome, takesScreenshot=true, javascriptEnabled=true, cssSelectorsEnabled=true}]
Session ID: 414590a7d201de97e7076a95ef5b9812
	at org.openqa.selenium.remote.ErrorHandler.createThrowable(ErrorHandler.java:206)
	at org.openqa.selenium.remote.ErrorHandler.throwIfResponseFailed(ErrorHandler.java:158)
	at org.openqa.selenium.remote.RemoteWebDriver.execute(RemoteWebDriver.java:647)
	at org.openqa.selenium.remote.RemoteWebDriver.get(RemoteWebDriver.java:311)
	at pageObjects.oseagentview.OseAgentViewPageObject.openPage(OseAgentViewPageObject.java:47)
	at ose.OseAgentViewLookupCustomer.user_is_on_OSE_Agent_View_Home_Page(OseAgentViewLookupCustomer.java:14)
... Removed 31 stack frames]]>
    </failure>
  </testcase> <!-- user_is_on_OSE_Agent_View_Home_Page -->
  <testcase name="address_test_modal_box_is_opened" time="0.001" classname="ose.OseAgentViewNewDslConnectionCSRRole"/>
  <testcase name="address_validation_will_be_performed" time="0.0" classname="ose.OseAgentViewNewDslConnectionCSRRole"/>
  <testcase name="broadband_section_of_Telenor_Web_shop_is_opened" time="0.001" classname="ose.OseAgentViewNewDslConnectionCSRRole"/>
  <testcase name="telenor_web_shop_is_opened" time="0.0" classname="ose.OseAgentViewNewDslConnectionCSRRole"/>
  <testcase name="user_clicks_on_Broadband_link" time="0.0" classname="ose.OseAgentViewNewDslConnectionCSRRole">
    <failure type="java.lang.NullPointerException">
      <![CDATA[java.lang.NullPointerException
	at ose.OseAgentViewNewDslConnectionCSRRole.user_clicks_on_Broadband_link(OseAgentViewNewDslConnectionCSRRole.java:26)
... Removed 27 stack frames]]>
    </failure>
  </testcase> <!-- user_clicks_on_Broadband_link -->
  <testcase name="user_clicks_on_Shop_link" time="0.0" classname="ose.OseAgentViewNewDslConnectionCSRRole">
    <failure type="java.lang.NullPointerException">
      <![CDATA[java.lang.NullPointerException
	at ose.OseAgentViewNewDslConnectionCSRRole.user_clicks_on_Shop_link(OseAgentViewNewDslConnectionCSRRole.java:18)
... Removed 27 stack frames]]>
    </failure>
  </testcase> <!-- user_clicks_on_Shop_link -->
  <testcase name="user_clicks_on_test_address_button" time="0.001" classname="ose.OseAgentViewNewDslConnectionCSRRole"/>
  <testcase name="user_inputs_valida_address_information_and_clicks_on_Test_button" time="0.0" classname="ose.OseAgentViewNewDslConnectionCSRRole">
    <failure type="java.lang.NullPointerException">
      <![CDATA[java.lang.NullPointerException
	at ose.OseAgentViewNewDslConnectionCSRRole.user_inputs_valida_address_information_and_clicks_on_Test_button(OseAgentViewNewDslConnectionCSRRole.java:43)
... Removed 27 stack frames]]>
    </failure>
  </testcase> <!-- user_inputs_valida_address_information_and_clicks_on_Test_button -->
  <testcase name="user_is_loged_on_OSE_Agent_View_Home_Page" time="0.0" classname="ose.OseAgentViewNewDslConnectionCSRRole">
    <failure type="java.lang.NullPointerException">
      <![CDATA[java.lang.NullPointerException
	at ose.OseAgentViewNewDslConnectionCSRRole.user_is_loged_on_OSE_Agent_View_Home_Page(OseAgentViewNewDslConnectionCSRRole.java:14)
... Removed 27 stack frames]]>
    </failure>
  </testcase> <!-- user_is_loged_on_OSE_Agent_View_Home_Page -->
</testsuite> <!-- Login Tests -->
