<!DOCTYPE html PUBLIC "-//W3C//DTD XHTML 1.1//EN" "http://www.w3.org/TR/xhtml11/DTD/xhtml11.dtd">
<html xmlns="http://www.w3.org/1999/xhtml"><head><title>TestNG Report</title><style type="text/css">table {margin-bottom:10px;border-collapse:collapse;empty-cells:show}th,td {border:1px solid #009;padding:.25em .5em}th {vertical-align:bottom}td {vertical-align:top}table a {font-weight:bold}.stripe td {background-color: #E6EBF9}.num {text-align:right}.passedodd td {background-color: #3F3}.passedeven td {background-color: #0A0}.skippedodd td {background-color: #DDD}.skippedeven td {background-color: #CCC}.failedodd td,.attn {background-color: #F33}.failedeven td,.stripe .attn {background-color: #D00}.stacktrace {white-space:pre;font-family:monospace}.totop {font-size:85%;text-align:center;border-bottom:2px solid #000}</style></head><body><table><tr><th>Test</th><th># Passed</th><th># Skipped</th><th># Failed</th><th>Time (ms)</th><th>Included Groups</th><th>Excluded Groups</th></tr><tr><th colspan="7">Smoke Test Suite</th></tr><tr><td><a href="#t0">Login Tests</a></td><td class="num">5</td><td class="num">0</td><td class="num attn">13</td><td class="num">136.704</td><td></td><td></td></tr></table><table><thead><tr><th>Class</th><th>Method</th><th>Start</th><th>Time (ms)</th></tr></thead><tbody><tr><th colspan="4">Smoke Test Suite</th></tr></tbody><tbody id="t0"><tr><th colspan="4">Login Tests &#8212; failed</th></tr><tr class="failedeven"><td rowspan="9">ose.OseAgentViewLookupCustomer</td><td><a href="#m0">customer_page_should_be_opened</a></td><td rowspan="1">1459940099221</td><td rowspan="1">45049</td></tr><tr class="failedeven"><td><a href="#m1">customers_my_telenor_selfservice_profile_page_should_open</a></td><td rowspan="1">1459940144315</td><td rowspan="1">45084</td></tr><tr class="failedeven"><td><a href="#m2">customers_my_telenor_selfservice_subscription_page_should_open</a></td><td rowspan="1">1459940189403</td><td rowspan="1">46099</td></tr><tr class="failedeven"><td><a href="#m3">search_panel_is_displayed</a></td><td rowspan="1">1459940235507</td><td rowspan="1">60</td></tr><tr class="failedeven"><td><a href="#m4">user_clicks_imperosnate</a></td><td rowspan="1">1459940235574</td><td rowspan="1">27</td></tr><tr class="failedeven"><td><a href="#m5">user_clicks_on_Seach_Icon</a></td><td rowspan="1">1459940235609</td><td rowspan="1">28</td></tr><tr class="failedeven"><td><a href="#m6">user_clicks_profile_page_my_telenor_selfservice</a></td><td rowspan="1">1459940235641</td><td rowspan="1">13</td></tr><tr class="failedeven"><td><a href="#m7">user_inputs_service_number_and_press_search_button</a></td><td rowspan="1">1459940235660</td><td rowspan="1">32</td></tr><tr class="failedeven"><td><a href="#m8">user_is_on_OSE_Agent_View_Home_Page</a></td><td rowspan="1">1459940235735</td><td rowspan="1">72</td></tr><tr class="failedodd"><td rowspan="4">ose.OseAgentViewNewDslConnectionCSRRole</td><td><a href="#m9">user_clicks_on_Broadband_link</a></td><td rowspan="1">1459940235837</td><td rowspan="1">0</td></tr><tr class="failedodd"><td><a href="#m10">user_clicks_on_Shop_link</a></td><td rowspan="1">1459940235838</td><td rowspan="1">0</td></tr><tr class="failedodd"><td><a href="#m11">user_inputs_valida_address_information_and_clicks_on_Test_button</a></td><td rowspan="1">1459940235840</td><td rowspan="1">0</td></tr><tr class="failedodd"><td><a href="#m12">user_is_loged_on_OSE_Agent_View_Home_Page</a></td><td rowspan="1">1459940235841</td><td rowspan="1">0</td></tr><tr><th colspan="4">Login Tests &#8212; passed</th></tr><tr class="passedeven"><td rowspan="5">ose.OseAgentViewNewDslConnectionCSRRole</td><td><a href="#m13">address_test_modal_box_is_opened</a></td><td rowspan="1">1459940235830</td><td rowspan="1">1</td></tr><tr class="passedeven"><td><a href="#m14">address_validation_will_be_performed</a></td><td rowspan="1">1459940235831</td><td rowspan="1">0</td></tr><tr class="passedeven"><td><a href="#m15">broadband_section_of_Telenor_Web_shop_is_opened</a></td><td rowspan="1">1459940235833</td><td rowspan="1">1</td></tr><tr class="passedeven"><td><a href="#m16">telenor_web_shop_is_opened</a></td><td rowspan="1">1459940235836</td><td rowspan="1">0</td></tr><tr class="passedeven"><td><a href="#m17">user_clicks_on_test_address_button</a></td><td rowspan="1">1459940235838</td><td rowspan="1">1</td></tr></tbody></table><h2>Login Tests</h2><h3 id="m0">ose.OseAgentViewLookupCustomer#customer_page_should_be_opened</h3><table class="result"><tr><th>Exception</th></tr><tr><td><div class="stacktrace">org.openqa.selenium.NoSuchElementException: no such element: Unable to locate element: {&quot;method&quot;:&quot;xpath&quot;,&quot;selector&quot;:&quot;//*[@id=&quot;agent-view&quot;]/div/section[2]/section/div[2]/div/div/div/div[2]/div[1]/div[1]/div/div/div[2]/dl/dd[3]&quot;}
  (Session info: chrome=49.0.2623.110)
  (Driver info: chromedriver=2.20.353145 (343b531d31eeb933ec778dbcf7081628a1396067),platform=Windows NT 6.3 x86_64) (WARNING: The server did not provide any stacktrace information)
Command duration or timeout: 45.04 seconds
For documentation on this error, please visit: http://seleniumhq.org/exceptions/no_such_element.html
Build info: version: &apos;2.48.2&apos;, revision: &apos;41bccdd10cf2c0560f637404c2d96164b67d9d67&apos;, time: &apos;2015-10-09 13:08:06&apos;
System info: host: &apos;w8vdipccon342&apos;, ip: &apos;172.18.3.192&apos;, os.name: &apos;Windows 8.1&apos;, os.arch: &apos;amd64&apos;, os.version: &apos;6.3&apos;, java.version: &apos;1.8.0_74&apos;
Driver info: org.openqa.selenium.chrome.ChromeDriver
Capabilities [{applicationCacheEnabled=false, rotatable=false, mobileEmulationEnabled=false, chrome={userDataDir=C:\Users\MRKC\AppData\Local\Temp\scoped_dir45156_20224}, takesHeapSnapshot=true, databaseEnabled=false, handlesAlerts=true, hasTouchScreen=false, version=49.0.2623.110, platform=WIN8_1, browserConnectionEnabled=false, nativeEvents=true, acceptSslCerts=true, locationContextEnabled=true, webStorageEnabled=true, browserName=chrome, takesScreenshot=true, javascriptEnabled=true, cssSelectorsEnabled=true}]
Session ID: 414590a7d201de97e7076a95ef5b9812
*** Element info: {Using=xpath, value=//*[@id=&quot;agent-view&quot;]/div/section[2]/section/div[2]/div/div/div/div[2]/div[1]/div[1]/div/div/div[2]/dl/dd[3]}
	at org.openqa.selenium.remote.ErrorHandler.createThrowable(ErrorHandler.java:206)
	at org.openqa.selenium.remote.ErrorHandler.throwIfResponseFailed(ErrorHandler.java:158)
	at org.openqa.selenium.remote.RemoteWebDriver.execute(RemoteWebDriver.java:647)
	at org.openqa.selenium.remote.RemoteWebDriver.findElement(RemoteWebDriver.java:353)
	at org.openqa.selenium.remote.RemoteWebDriver.findElementByXPath(RemoteWebDriver.java:490)
	at org.openqa.selenium.By$ByXPath.findElement(By.java:361)
	at org.openqa.selenium.remote.RemoteWebDriver.findElement(RemoteWebDriver.java:345)
	at org.openqa.selenium.support.pagefactory.DefaultElementLocator.findElement(DefaultElementLocator.java:69)
	at org.openqa.selenium.support.pagefactory.internal.LocatingElementHandler.invoke(LocatingElementHandler.java:38)
	at com.sun.proxy.$Proxy7.getText(Unknown Source)
	at pageObjects.oseagentview.OseAgentViewCustomerPageObject.hasCustomerName(OseAgentViewCustomerPageObject.java:36)
	at ose.OseAgentViewLookupCustomer.customer_page_should_be_opened(OseAgentViewLookupCustomer.java:30)
... Removed 31 stack frames</div></td></tr></table><p class="totop"><a href="#summary">back to summary</a></p><h3 id="m1">ose.OseAgentViewLookupCustomer#customers_my_telenor_selfservice_profile_page_should_open</h3><table class="result"><tr><th>Exception</th></tr><tr><td><div class="stacktrace">org.openqa.selenium.NoSuchElementException: no such element: Unable to locate element: {&quot;method&quot;:&quot;xpath&quot;,&quot;selector&quot;:&quot;//*[@id=&quot;agent-view&quot;]/div/section[2]/section/div[1]/iframe[2]&quot;}
  (Session info: chrome=49.0.2623.110)
  (Driver info: chromedriver=2.20.353145 (343b531d31eeb933ec778dbcf7081628a1396067),platform=Windows NT 6.3 x86_64) (WARNING: The server did not provide any stacktrace information)
Command duration or timeout: 45.05 seconds
For documentation on this error, please visit: http://seleniumhq.org/exceptions/no_such_element.html
Build info: version: &apos;2.48.2&apos;, revision: &apos;41bccdd10cf2c0560f637404c2d96164b67d9d67&apos;, time: &apos;2015-10-09 13:08:06&apos;
System info: host: &apos;w8vdipccon342&apos;, ip: &apos;172.18.3.192&apos;, os.name: &apos;Windows 8.1&apos;, os.arch: &apos;amd64&apos;, os.version: &apos;6.3&apos;, java.version: &apos;1.8.0_74&apos;
Driver info: org.openqa.selenium.chrome.ChromeDriver
Capabilities [{applicationCacheEnabled=false, rotatable=false, mobileEmulationEnabled=false, chrome={userDataDir=C:\Users\MRKC\AppData\Local\Temp\scoped_dir45156_20224}, takesHeapSnapshot=true, databaseEnabled=false, handlesAlerts=true, hasTouchScreen=false, version=49.0.2623.110, platform=WIN8_1, browserConnectionEnabled=false, nativeEvents=true, acceptSslCerts=true, locationContextEnabled=true, webStorageEnabled=true, browserName=chrome, takesScreenshot=true, javascriptEnabled=true, cssSelectorsEnabled=true}]
Session ID: 414590a7d201de97e7076a95ef5b9812
*** Element info: {Using=xpath, value=//*[@id=&quot;agent-view&quot;]/div/section[2]/section/div[1]/iframe[2]}
	at org.openqa.selenium.remote.ErrorHandler.createThrowable(ErrorHandler.java:206)
	at org.openqa.selenium.remote.ErrorHandler.throwIfResponseFailed(ErrorHandler.java:158)
	at org.openqa.selenium.remote.RemoteWebDriver.execute(RemoteWebDriver.java:647)
	at org.openqa.selenium.remote.RemoteWebDriver.findElement(RemoteWebDriver.java:353)
	at org.openqa.selenium.remote.RemoteWebDriver.findElementByXPath(RemoteWebDriver.java:490)
	at org.openqa.selenium.By$ByXPath.findElement(By.java:361)
	at org.openqa.selenium.remote.RemoteWebDriver.findElement(RemoteWebDriver.java:345)
	at pageObjects.mytelenor.OseMyTelenorSubscriptionPageObject.checkProfilePageCustomerData(OseMyTelenorSubscriptionPageObject.java:48)
	at ose.OseAgentViewLookupCustomer.customers_my_telenor_selfservice_profile_page_should_open(OseAgentViewLookupCustomer.java:46)
... Removed 31 stack frames</div></td></tr></table><p class="totop"><a href="#summary">back to summary</a></p><h3 id="m2">ose.OseAgentViewLookupCustomer#customers_my_telenor_selfservice_subscription_page_should_open</h3><table class="result"><tr><th>Exception</th></tr><tr><td><div class="stacktrace">java.lang.NullPointerException: null value in entry: id=null
	at com.google.common.collect.CollectPreconditions.checkEntryNotNull(CollectPreconditions.java:33)
	at com.google.common.collect.SingletonImmutableBiMap.&lt;init&gt;(SingletonImmutableBiMap.java:39)
	at com.google.common.collect.ImmutableBiMap.of(ImmutableBiMap.java:57)
	at com.google.common.collect.ImmutableMap.of(ImmutableMap.java:80)
	at org.openqa.selenium.remote.RemoteWebDriver$RemoteTargetLocator.frame(RemoteWebDriver.java:962)
	at pageObjects.mytelenor.OseMyTelenorSubscriptionPageObject.checkSubscriptionUser(OseMyTelenorSubscriptionPageObject.java:65)
	at ose.OseAgentViewLookupCustomer.customers_my_telenor_selfservice_subscription_page_should_open(OseAgentViewLookupCustomer.java:38)
... Removed 27 stack frames</div></td></tr></table><p class="totop"><a href="#summary">back to summary</a></p><h3 id="m3">ose.OseAgentViewLookupCustomer#search_panel_is_displayed</h3><table class="result"><tr><th>Exception</th></tr><tr><td><div class="stacktrace">org.openqa.selenium.NoSuchWindowException: no such window: target window already closed
from unknown error: web view not found
  (Session info: chrome=49.0.2623.110)
  (Driver info: chromedriver=2.20.353145 (343b531d31eeb933ec778dbcf7081628a1396067),platform=Windows NT 6.3 x86_64) (WARNING: The server did not provide any stacktrace information)
Command duration or timeout: 60 milliseconds
Build info: version: &apos;2.48.2&apos;, revision: &apos;41bccdd10cf2c0560f637404c2d96164b67d9d67&apos;, time: &apos;2015-10-09 13:08:06&apos;
System info: host: &apos;w8vdipccon342&apos;, ip: &apos;172.18.3.192&apos;, os.name: &apos;Windows 8.1&apos;, os.arch: &apos;amd64&apos;, os.version: &apos;6.3&apos;, java.version: &apos;1.8.0_74&apos;
Driver info: org.openqa.selenium.chrome.ChromeDriver
Capabilities [{applicationCacheEnabled=false, rotatable=false, mobileEmulationEnabled=false, chrome={userDataDir=C:\Users\MRKC\AppData\Local\Temp\scoped_dir45156_20224}, takesHeapSnapshot=true, databaseEnabled=false, handlesAlerts=true, hasTouchScreen=false, version=49.0.2623.110, platform=WIN8_1, browserConnectionEnabled=false, nativeEvents=true, acceptSslCerts=true, locationContextEnabled=true, webStorageEnabled=true, browserName=chrome, takesScreenshot=true, javascriptEnabled=true, cssSelectorsEnabled=true}]
Session ID: 414590a7d201de97e7076a95ef5b9812
*** Element info: {Using=xpath, value=//*[@id=&quot;agent-view&quot;]/div/section[2]/section/div[2]/div/div/div/div[2]/div[1]/form/div[2]/div[5]/div/button}
	at org.openqa.selenium.remote.ErrorHandler.createThrowable(ErrorHandler.java:206)
	at org.openqa.selenium.remote.ErrorHandler.throwIfResponseFailed(ErrorHandler.java:158)
	at org.openqa.selenium.remote.RemoteWebDriver.execute(RemoteWebDriver.java:647)
	at org.openqa.selenium.remote.RemoteWebDriver.findElements(RemoteWebDriver.java:378)
	at org.openqa.selenium.remote.RemoteWebDriver.findElementsByXPath(RemoteWebDriver.java:494)
	at org.openqa.selenium.By$ByXPath.findElements(By.java:356)
	at org.openqa.selenium.remote.RemoteWebDriver.findElements(RemoteWebDriver.java:341)
	at pageObjects.oseagentview.OseAgentViewPageObject.hasSearchPanel(OseAgentViewPageObject.java:76)
	at ose.OseAgentViewLookupCustomer.search_panel_is_displayed(OseAgentViewLookupCustomer.java:22)
... Removed 31 stack frames</div></td></tr></table><p class="totop"><a href="#summary">back to summary</a></p><h3 id="m4">ose.OseAgentViewLookupCustomer#user_clicks_imperosnate</h3><table class="result"><tr><th>Exception</th></tr><tr><td><div class="stacktrace">org.openqa.selenium.NoSuchWindowException: no such window: target window already closed
from unknown error: web view not found
  (Session info: chrome=49.0.2623.110)
  (Driver info: chromedriver=2.20.353145 (343b531d31eeb933ec778dbcf7081628a1396067),platform=Windows NT 6.3 x86_64) (WARNING: The server did not provide any stacktrace information)
Command duration or timeout: 26 milliseconds
Build info: version: &apos;2.48.2&apos;, revision: &apos;41bccdd10cf2c0560f637404c2d96164b67d9d67&apos;, time: &apos;2015-10-09 13:08:06&apos;
System info: host: &apos;w8vdipccon342&apos;, ip: &apos;172.18.3.192&apos;, os.name: &apos;Windows 8.1&apos;, os.arch: &apos;amd64&apos;, os.version: &apos;6.3&apos;, java.version: &apos;1.8.0_74&apos;
Driver info: org.openqa.selenium.chrome.ChromeDriver
Capabilities [{applicationCacheEnabled=false, rotatable=false, mobileEmulationEnabled=false, chrome={userDataDir=C:\Users\MRKC\AppData\Local\Temp\scoped_dir45156_20224}, takesHeapSnapshot=true, databaseEnabled=false, handlesAlerts=true, hasTouchScreen=false, version=49.0.2623.110, platform=WIN8_1, browserConnectionEnabled=false, nativeEvents=true, acceptSslCerts=true, locationContextEnabled=true, webStorageEnabled=true, browserName=chrome, takesScreenshot=true, javascriptEnabled=true, cssSelectorsEnabled=true}]
Session ID: 414590a7d201de97e7076a95ef5b9812
*** Element info: {Using=xpath, value=//*[@id=&quot;agent-view&quot;]/div/section[2]/section/div[2]/div/div/div/div[2]/div[3]/div/div[1]/div[1]/div/span}
	at org.openqa.selenium.remote.ErrorHandler.createThrowable(ErrorHandler.java:206)
	at org.openqa.selenium.remote.ErrorHandler.throwIfResponseFailed(ErrorHandler.java:158)
	at org.openqa.selenium.remote.RemoteWebDriver.execute(RemoteWebDriver.java:647)
	at org.openqa.selenium.remote.RemoteWebDriver.findElement(RemoteWebDriver.java:353)
	at org.openqa.selenium.remote.RemoteWebDriver.findElementByXPath(RemoteWebDriver.java:490)
	at org.openqa.selenium.By$ByXPath.findElement(By.java:361)
	at org.openqa.selenium.remote.RemoteWebDriver.findElement(RemoteWebDriver.java:345)
	at org.openqa.selenium.support.pagefactory.DefaultElementLocator.findElement(DefaultElementLocator.java:69)
	at org.openqa.selenium.support.pagefactory.internal.LocatingElementHandler.invoke(LocatingElementHandler.java:38)
	at com.sun.proxy.$Proxy7.click(Unknown Source)
	at pageObjects.oseagentview.OseAgentViewCustomerPageObject.impersonateCustomer(OseAgentViewCustomerPageObject.java:40)
	at ose.OseAgentViewLookupCustomer.user_clicks_imperosnate(OseAgentViewLookupCustomer.java:34)
... Removed 31 stack frames</div></td></tr></table><p class="totop"><a href="#summary">back to summary</a></p><h3 id="m5">ose.OseAgentViewLookupCustomer#user_clicks_on_Seach_Icon</h3><table class="result"><tr><th>Exception</th></tr><tr><td><div class="stacktrace">org.openqa.selenium.NoSuchWindowException: no such window: target window already closed
from unknown error: web view not found
  (Session info: chrome=49.0.2623.110)
  (Driver info: chromedriver=2.20.353145 (343b531d31eeb933ec778dbcf7081628a1396067),platform=Windows NT 6.3 x86_64) (WARNING: The server did not provide any stacktrace information)
Command duration or timeout: 27 milliseconds
Build info: version: &apos;2.48.2&apos;, revision: &apos;41bccdd10cf2c0560f637404c2d96164b67d9d67&apos;, time: &apos;2015-10-09 13:08:06&apos;
System info: host: &apos;w8vdipccon342&apos;, ip: &apos;172.18.3.192&apos;, os.name: &apos;Windows 8.1&apos;, os.arch: &apos;amd64&apos;, os.version: &apos;6.3&apos;, java.version: &apos;1.8.0_74&apos;
Driver info: org.openqa.selenium.chrome.ChromeDriver
Capabilities [{applicationCacheEnabled=false, rotatable=false, mobileEmulationEnabled=false, chrome={userDataDir=C:\Users\MRKC\AppData\Local\Temp\scoped_dir45156_20224}, takesHeapSnapshot=true, databaseEnabled=false, handlesAlerts=true, hasTouchScreen=false, version=49.0.2623.110, platform=WIN8_1, browserConnectionEnabled=false, nativeEvents=true, acceptSslCerts=true, locationContextEnabled=true, webStorageEnabled=true, browserName=chrome, takesScreenshot=true, javascriptEnabled=true, cssSelectorsEnabled=true}]
Session ID: 414590a7d201de97e7076a95ef5b9812
*** Element info: {Using=xpath, value=//*[@id=&quot;agent-view&quot;]/div/section[2]/aside/ul[1]/li[2]/a/span}
	at org.openqa.selenium.remote.ErrorHandler.createThrowable(ErrorHandler.java:206)
	at org.openqa.selenium.remote.ErrorHandler.throwIfResponseFailed(ErrorHandler.java:158)
	at org.openqa.selenium.remote.RemoteWebDriver.execute(RemoteWebDriver.java:647)
	at org.openqa.selenium.remote.RemoteWebDriver.findElement(RemoteWebDriver.java:353)
	at org.openqa.selenium.remote.RemoteWebDriver.findElementByXPath(RemoteWebDriver.java:490)
	at org.openqa.selenium.By$ByXPath.findElement(By.java:361)
	at org.openqa.selenium.remote.RemoteWebDriver.findElement(RemoteWebDriver.java:345)
	at org.openqa.selenium.support.pagefactory.DefaultElementLocator.findElement(DefaultElementLocator.java:69)
	at org.openqa.selenium.support.pagefactory.internal.LocatingElementHandler.invoke(LocatingElementHandler.java:38)
	at com.sun.proxy.$Proxy7.click(Unknown Source)
	at pageObjects.oseagentview.OseAgentViewPageObject.openSearchBox(OseAgentViewPageObject.java:68)
	at ose.OseAgentViewLookupCustomer.user_clicks_on_Seach_Icon(OseAgentViewLookupCustomer.java:18)
... Removed 31 stack frames</div></td></tr></table><p class="totop"><a href="#summary">back to summary</a></p><h3 id="m6">ose.OseAgentViewLookupCustomer#user_clicks_profile_page_my_telenor_selfservice</h3><table class="result"><tr><th>Exception</th></tr><tr><td><div class="stacktrace">org.openqa.selenium.NoSuchWindowException: no such window: target window already closed
from unknown error: web view not found
  (Session info: chrome=49.0.2623.110)
  (Driver info: chromedriver=2.20.353145 (343b531d31eeb933ec778dbcf7081628a1396067),platform=Windows NT 6.3 x86_64) (WARNING: The server did not provide any stacktrace information)
Command duration or timeout: 12 milliseconds
Build info: version: &apos;2.48.2&apos;, revision: &apos;41bccdd10cf2c0560f637404c2d96164b67d9d67&apos;, time: &apos;2015-10-09 13:08:06&apos;
System info: host: &apos;w8vdipccon342&apos;, ip: &apos;172.18.3.192&apos;, os.name: &apos;Windows 8.1&apos;, os.arch: &apos;amd64&apos;, os.version: &apos;6.3&apos;, java.version: &apos;1.8.0_74&apos;
Driver info: org.openqa.selenium.chrome.ChromeDriver
Capabilities [{applicationCacheEnabled=false, rotatable=false, mobileEmulationEnabled=false, chrome={userDataDir=C:\Users\MRKC\AppData\Local\Temp\scoped_dir45156_20224}, takesHeapSnapshot=true, databaseEnabled=false, handlesAlerts=true, hasTouchScreen=false, version=49.0.2623.110, platform=WIN8_1, browserConnectionEnabled=false, nativeEvents=true, acceptSslCerts=true, locationContextEnabled=true, webStorageEnabled=true, browserName=chrome, takesScreenshot=true, javascriptEnabled=true, cssSelectorsEnabled=true}]
Session ID: 414590a7d201de97e7076a95ef5b9812
*** Element info: {Using=xpath, value=//*[@id=&quot;menu--subnav&quot;]/div/div[2]/ul/li[5]/a}
	at org.openqa.selenium.remote.ErrorHandler.createThrowable(ErrorHandler.java:206)
	at org.openqa.selenium.remote.ErrorHandler.throwIfResponseFailed(ErrorHandler.java:158)
	at org.openqa.selenium.remote.RemoteWebDriver.execute(RemoteWebDriver.java:647)
	at org.openqa.selenium.remote.RemoteWebDriver.findElement(RemoteWebDriver.java:353)
	at org.openqa.selenium.remote.RemoteWebDriver.findElementByXPath(RemoteWebDriver.java:490)
	at org.openqa.selenium.By$ByXPath.findElement(By.java:361)
	at org.openqa.selenium.remote.RemoteWebDriver.findElement(RemoteWebDriver.java:345)
	at org.openqa.selenium.support.pagefactory.DefaultElementLocator.findElement(DefaultElementLocator.java:69)
	at org.openqa.selenium.support.pagefactory.internal.LocatingElementHandler.invoke(LocatingElementHandler.java:38)
	at com.sun.proxy.$Proxy7.click(Unknown Source)
	at pageObjects.mytelenor.OseMyTelenorSubscriptionPageObject.goToProfilePage(OseMyTelenorSubscriptionPageObject.java:43)
	at ose.OseAgentViewLookupCustomer.user_clicks_profile_page_my_telenor_selfservice(OseAgentViewLookupCustomer.java:42)
... Removed 31 stack frames</div></td></tr></table><p class="totop"><a href="#summary">back to summary</a></p><h3 id="m7">ose.OseAgentViewLookupCustomer#user_inputs_service_number_and_press_search_button</h3><table class="result"><tr><th>Exception</th></tr><tr><td><div class="stacktrace">org.openqa.selenium.NoSuchWindowException: no such window: target window already closed
from unknown error: web view not found
  (Session info: chrome=49.0.2623.110)
  (Driver info: chromedriver=2.20.353145 (343b531d31eeb933ec778dbcf7081628a1396067),platform=Windows NT 6.3 x86_64) (WARNING: The server did not provide any stacktrace information)
Command duration or timeout: 32 milliseconds
Build info: version: &apos;2.48.2&apos;, revision: &apos;41bccdd10cf2c0560f637404c2d96164b67d9d67&apos;, time: &apos;2015-10-09 13:08:06&apos;
System info: host: &apos;w8vdipccon342&apos;, ip: &apos;172.18.3.192&apos;, os.name: &apos;Windows 8.1&apos;, os.arch: &apos;amd64&apos;, os.version: &apos;6.3&apos;, java.version: &apos;1.8.0_74&apos;
Driver info: org.openqa.selenium.chrome.ChromeDriver
Capabilities [{applicationCacheEnabled=false, rotatable=false, mobileEmulationEnabled=false, chrome={userDataDir=C:\Users\MRKC\AppData\Local\Temp\scoped_dir45156_20224}, takesHeapSnapshot=true, databaseEnabled=false, handlesAlerts=true, hasTouchScreen=false, version=49.0.2623.110, platform=WIN8_1, browserConnectionEnabled=false, nativeEvents=true, acceptSslCerts=true, locationContextEnabled=true, webStorageEnabled=true, browserName=chrome, takesScreenshot=true, javascriptEnabled=true, cssSelectorsEnabled=true}]
Session ID: 414590a7d201de97e7076a95ef5b9812
*** Element info: {Using=xpath, value=//*[@id=&quot;agent-view&quot;]/div/section[2]/section/div[2]/div/div/div/div[2]/div[1]/form/div[2]/div[2]/div/input}
	at org.openqa.selenium.remote.ErrorHandler.createThrowable(ErrorHandler.java:206)
	at org.openqa.selenium.remote.ErrorHandler.throwIfResponseFailed(ErrorHandler.java:158)
	at org.openqa.selenium.remote.RemoteWebDriver.execute(RemoteWebDriver.java:647)
	at org.openqa.selenium.remote.RemoteWebDriver.findElement(RemoteWebDriver.java:353)
	at org.openqa.selenium.remote.RemoteWebDriver.findElementByXPath(RemoteWebDriver.java:490)
	at org.openqa.selenium.By$ByXPath.findElement(By.java:361)
	at org.openqa.selenium.remote.RemoteWebDriver.findElement(RemoteWebDriver.java:345)
	at org.openqa.selenium.support.pagefactory.DefaultElementLocator.findElement(DefaultElementLocator.java:69)
	at org.openqa.selenium.support.pagefactory.internal.LocatingElementHandler.invoke(LocatingElementHandler.java:38)
	at com.sun.proxy.$Proxy7.sendKeys(Unknown Source)
	at pageObjects.oseagentview.OseAgentViewPageObject.selectSearchTypeAndSearch(OseAgentViewPageObject.java:71)
	at ose.OseAgentViewLookupCustomer.user_inputs_service_number_and_press_search_button(OseAgentViewLookupCustomer.java:26)
... Removed 31 stack frames</div></td></tr></table><p class="totop"><a href="#summary">back to summary</a></p><h3 id="m8">ose.OseAgentViewLookupCustomer#user_is_on_OSE_Agent_View_Home_Page</h3><table class="result"><tr><th>Exception</th></tr><tr><td><div class="stacktrace">org.openqa.selenium.NoSuchWindowException: no such window: target window already closed
from unknown error: web view not found
  (Session info: chrome=49.0.2623.110)
  (Driver info: chromedriver=2.20.353145 (343b531d31eeb933ec778dbcf7081628a1396067),platform=Windows NT 6.3 x86_64) (WARNING: The server did not provide any stacktrace information)
Command duration or timeout: 71 milliseconds
Build info: version: &apos;2.48.2&apos;, revision: &apos;41bccdd10cf2c0560f637404c2d96164b67d9d67&apos;, time: &apos;2015-10-09 13:08:06&apos;
System info: host: &apos;w8vdipccon342&apos;, ip: &apos;172.18.3.192&apos;, os.name: &apos;Windows 8.1&apos;, os.arch: &apos;amd64&apos;, os.version: &apos;6.3&apos;, java.version: &apos;1.8.0_74&apos;
Driver info: org.openqa.selenium.chrome.ChromeDriver
Capabilities [{applicationCacheEnabled=false, rotatable=false, mobileEmulationEnabled=false, chrome={userDataDir=C:\Users\MRKC\AppData\Local\Temp\scoped_dir45156_20224}, takesHeapSnapshot=true, databaseEnabled=false, handlesAlerts=true, hasTouchScreen=false, version=49.0.2623.110, platform=WIN8_1, browserConnectionEnabled=false, nativeEvents=true, acceptSslCerts=true, locationContextEnabled=true, webStorageEnabled=true, browserName=chrome, takesScreenshot=true, javascriptEnabled=true, cssSelectorsEnabled=true}]
Session ID: 414590a7d201de97e7076a95ef5b9812
	at org.openqa.selenium.remote.ErrorHandler.createThrowable(ErrorHandler.java:206)
	at org.openqa.selenium.remote.ErrorHandler.throwIfResponseFailed(ErrorHandler.java:158)
	at org.openqa.selenium.remote.RemoteWebDriver.execute(RemoteWebDriver.java:647)
	at org.openqa.selenium.remote.RemoteWebDriver.get(RemoteWebDriver.java:311)
	at pageObjects.oseagentview.OseAgentViewPageObject.openPage(OseAgentViewPageObject.java:47)
	at ose.OseAgentViewLookupCustomer.user_is_on_OSE_Agent_View_Home_Page(OseAgentViewLookupCustomer.java:14)
... Removed 31 stack frames</div></td></tr></table><p class="totop"><a href="#summary">back to summary</a></p><h3 id="m9">ose.OseAgentViewNewDslConnectionCSRRole#user_clicks_on_Broadband_link</h3><table class="result"><tr><th>Exception</th></tr><tr><td><div class="stacktrace">java.lang.NullPointerException
	at ose.OseAgentViewNewDslConnectionCSRRole.user_clicks_on_Broadband_link(OseAgentViewNewDslConnectionCSRRole.java:26)
... Removed 27 stack frames</div></td></tr></table><p class="totop"><a href="#summary">back to summary</a></p><h3 id="m10">ose.OseAgentViewNewDslConnectionCSRRole#user_clicks_on_Shop_link</h3><table class="result"><tr><th>Exception</th></tr><tr><td><div class="stacktrace">java.lang.NullPointerException
	at ose.OseAgentViewNewDslConnectionCSRRole.user_clicks_on_Shop_link(OseAgentViewNewDslConnectionCSRRole.java:18)
... Removed 27 stack frames</div></td></tr></table><p class="totop"><a href="#summary">back to summary</a></p><h3 id="m11">ose.OseAgentViewNewDslConnectionCSRRole#user_inputs_valida_address_information_and_clicks_on_Test_button</h3><table class="result"><tr><th>Exception</th></tr><tr><td><div class="stacktrace">java.lang.NullPointerException
	at ose.OseAgentViewNewDslConnectionCSRRole.user_inputs_valida_address_information_and_clicks_on_Test_button(OseAgentViewNewDslConnectionCSRRole.java:43)
... Removed 27 stack frames</div></td></tr></table><p class="totop"><a href="#summary">back to summary</a></p><h3 id="m12">ose.OseAgentViewNewDslConnectionCSRRole#user_is_loged_on_OSE_Agent_View_Home_Page</h3><table class="result"><tr><th>Exception</th></tr><tr><td><div class="stacktrace">java.lang.NullPointerException
	at ose.OseAgentViewNewDslConnectionCSRRole.user_is_loged_on_OSE_Agent_View_Home_Page(OseAgentViewNewDslConnectionCSRRole.java:14)
... Removed 27 stack frames</div></td></tr></table><p class="totop"><a href="#summary">back to summary</a></p><h3 id="m13">ose.OseAgentViewNewDslConnectionCSRRole#address_test_modal_box_is_opened</h3><table class="result"></table><p class="totop"><a href="#summary">back to summary</a></p><h3 id="m14">ose.OseAgentViewNewDslConnectionCSRRole#address_validation_will_be_performed</h3><table class="result"></table><p class="totop"><a href="#summary">back to summary</a></p><h3 id="m15">ose.OseAgentViewNewDslConnectionCSRRole#broadband_section_of_Telenor_Web_shop_is_opened</h3><table class="result"></table><p class="totop"><a href="#summary">back to summary</a></p><h3 id="m16">ose.OseAgentViewNewDslConnectionCSRRole#telenor_web_shop_is_opened</h3><table class="result"></table><p class="totop"><a href="#summary">back to summary</a></p><h3 id="m17">ose.OseAgentViewNewDslConnectionCSRRole#user_clicks_on_test_address_button</h3><table class="result"></table><p class="totop"><a href="#summary">back to summary</a></p></body></html>